<?xml version="1.0" encoding="UTF-8"?>
<!-- Generated by org.testng.reporters.JUnitReportReporter -->
<testsuite hostname="DESKTOP-2VPR9IB" failures="0" tests="6" name="test.day3" time="0.019" errors="0" timestamp="2023-12-19T11:43:32 IST" skipped="1">
  <testcase classname="test.day3" name="WebloginCarLoan" time="0.003"/>
  <system-out/>
  <testcase classname="test.day3" name="MobilesignoutcarLoan" time="0.002"/>
  <system-out/>
  <testcase classname="test.day3" name="MobilesignoutcarLoan" time="0.001"/>
  <system-out/>
  <testcase classname="test.day3" name="MobileLogincarLoan" time="0.008"/>
  <system-out/>
  <testcase classname="test.day3" name="MobilesignoutcarLoan" time="0.005"/>
  <system-out/>
  <testcase classname="test.day3" name="MobilesignimcarLoan">
    <skipped/>
  </testcase> <!-- MobilesignimcarLoan -->
  <system-out/>
</testsuite> <!-- test.day3 -->
